mode: set
github.com/rossigee/build-counter/configmap.go:35.55,37.21 2 0
github.com/rossigee/build-counter/configmap.go:37.21,39.3 1 0
github.com/rossigee/build-counter/configmap.go:41.2,42.25 2 0
github.com/rossigee/build-counter/configmap.go:42.25,44.3 1 0
github.com/rossigee/build-counter/configmap.go:47.2,48.16 2 0
github.com/rossigee/build-counter/configmap.go:48.16,50.23 2 0
github.com/rossigee/build-counter/configmap.go:50.23,52.4 1 0
github.com/rossigee/build-counter/configmap.go:53.3,54.17 2 0
github.com/rossigee/build-counter/configmap.go:54.17,56.4 1 0
github.com/rossigee/build-counter/configmap.go:59.2,60.16 2 0
github.com/rossigee/build-counter/configmap.go:60.16,62.3 1 0
github.com/rossigee/build-counter/configmap.go:64.2,68.8 1 0
github.com/rossigee/build-counter/configmap.go:72.76,78.16 4 1
github.com/rossigee/build-counter/configmap.go:78.16,88.17 3 1
github.com/rossigee/build-counter/configmap.go:88.17,90.4 1 0
github.com/rossigee/build-counter/configmap.go:93.2,93.20 1 1
github.com/rossigee/build-counter/configmap.go:93.20,95.3 1 0
github.com/rossigee/build-counter/configmap.go:98.2,106.16 3 1
github.com/rossigee/build-counter/configmap.go:106.16,108.3 1 0
github.com/rossigee/build-counter/configmap.go:110.2,114.16 3 1
github.com/rossigee/build-counter/configmap.go:114.16,116.3 1 0
github.com/rossigee/build-counter/configmap.go:118.2,118.26 1 1
github.com/rossigee/build-counter/configmap.go:122.70,128.16 4 1
github.com/rossigee/build-counter/configmap.go:128.16,130.3 1 0
github.com/rossigee/build-counter/configmap.go:132.2,132.20 1 1
github.com/rossigee/build-counter/configmap.go:132.20,134.3 1 0
github.com/rossigee/build-counter/configmap.go:137.2,138.13 2 1
github.com/rossigee/build-counter/configmap.go:138.13,140.3 1 0
github.com/rossigee/build-counter/configmap.go:142.2,143.65 2 1
github.com/rossigee/build-counter/configmap.go:143.65,145.3 1 0
github.com/rossigee/build-counter/configmap.go:148.2,148.34 1 1
github.com/rossigee/build-counter/configmap.go:148.34,150.3 1 0
github.com/rossigee/build-counter/configmap.go:153.2,158.16 4 1
github.com/rossigee/build-counter/configmap.go:158.16,160.3 1 0
github.com/rossigee/build-counter/configmap.go:162.2,166.16 3 1
github.com/rossigee/build-counter/configmap.go:166.16,168.3 1 0
github.com/rossigee/build-counter/configmap.go:170.2,170.12 1 1
github.com/rossigee/build-counter/configmap.go:174.50,179.16 4 1
github.com/rossigee/build-counter/configmap.go:179.16,189.17 3 1
github.com/rossigee/build-counter/configmap.go:189.17,191.4 1 1
github.com/rossigee/build-counter/configmap.go:193.2,193.12 1 1
github.com/rossigee/build-counter/configmap.go:197.76,202.16 4 1
github.com/rossigee/build-counter/configmap.go:202.16,204.3 1 0
github.com/rossigee/build-counter/configmap.go:206.2,206.20 1 1
github.com/rossigee/build-counter/configmap.go:206.20,208.3 1 0
github.com/rossigee/build-counter/configmap.go:210.2,211.13 2 1
github.com/rossigee/build-counter/configmap.go:211.13,213.3 1 0
github.com/rossigee/build-counter/configmap.go:215.2,216.65 2 1
github.com/rossigee/build-counter/configmap.go:216.65,218.3 1 0
github.com/rossigee/build-counter/configmap.go:220.2,220.24 1 1
github.com/rossigee/build-counter/configmap.go:224.73,229.16 4 1
github.com/rossigee/build-counter/configmap.go:229.16,231.3 1 0
github.com/rossigee/build-counter/configmap.go:233.2,234.20 2 1
github.com/rossigee/build-counter/configmap.go:234.20,236.3 1 0
github.com/rossigee/build-counter/configmap.go:238.2,238.34 1 1
github.com/rossigee/build-counter/configmap.go:238.34,240.66 2 1
github.com/rossigee/build-counter/configmap.go:240.66,242.12 2 0
github.com/rossigee/build-counter/configmap.go:244.3,244.27 1 1
github.com/rossigee/build-counter/configmap.go:247.2,247.20 1 1
github.com/rossigee/build-counter/configmap.go:251.71,253.16 2 1
github.com/rossigee/build-counter/configmap.go:253.16,255.3 1 0
github.com/rossigee/build-counter/configmap.go:257.2,258.38 2 1
github.com/rossigee/build-counter/configmap.go:258.38,266.32 2 1
github.com/rossigee/build-counter/configmap.go:266.32,271.4 4 1
github.com/rossigee/build-counter/configmap.go:273.3,277.5 1 1
github.com/rossigee/build-counter/configmap.go:280.2,280.22 1 1
github.com/rossigee/build-counter/configmap.go:284.77,286.16 2 1
github.com/rossigee/build-counter/configmap.go:286.16,288.3 1 0
github.com/rossigee/build-counter/configmap.go:290.2,297.31 2 1
github.com/rossigee/build-counter/configmap.go:297.31,302.3 4 1
github.com/rossigee/build-counter/configmap.go:304.2,304.28 1 1
github.com/rossigee/build-counter/database.go:19.53,21.19 2 0
github.com/rossigee/build-counter/database.go:21.19,23.3 1 0
github.com/rossigee/build-counter/database.go:25.2,27.8 1 0
github.com/rossigee/build-counter/database.go:31.63,33.16 2 0
github.com/rossigee/build-counter/database.go:33.16,35.3 1 0
github.com/rossigee/build-counter/database.go:38.2,45.43 6 0
github.com/rossigee/build-counter/database.go:45.43,48.3 2 0
github.com/rossigee/build-counter/database.go:50.2,50.16 1 0
github.com/rossigee/build-counter/database.go:54.74,59.16 4 0
github.com/rossigee/build-counter/database.go:59.16,61.3 1 0
github.com/rossigee/build-counter/database.go:62.2,68.16 5 0
github.com/rossigee/build-counter/database.go:68.16,70.3 1 0
github.com/rossigee/build-counter/database.go:72.2,72.20 1 0
github.com/rossigee/build-counter/database.go:76.68,80.16 3 0
github.com/rossigee/build-counter/database.go:80.16,82.3 1 0
github.com/rossigee/build-counter/database.go:83.2,89.16 5 0
github.com/rossigee/build-counter/database.go:89.16,91.3 1 0
github.com/rossigee/build-counter/database.go:93.2,93.12 1 0
github.com/rossigee/build-counter/database.go:97.48,99.16 2 0
github.com/rossigee/build-counter/database.go:99.16,101.3 1 0
github.com/rossigee/build-counter/database.go:102.2,107.44 4 0
github.com/rossigee/build-counter/database.go:107.44,109.3 1 0
github.com/rossigee/build-counter/database.go:111.2,111.12 1 0
github.com/rossigee/build-counter/database.go:115.69,117.16 2 0
github.com/rossigee/build-counter/database.go:117.16,119.3 1 0
github.com/rossigee/build-counter/database.go:120.2,138.16 6 0
github.com/rossigee/build-counter/database.go:138.16,140.3 1 0
github.com/rossigee/build-counter/database.go:141.2,144.18 3 0
github.com/rossigee/build-counter/database.go:144.18,150.17 5 0
github.com/rossigee/build-counter/database.go:150.17,152.4 1 0
github.com/rossigee/build-counter/database.go:154.3,154.21 1 0
github.com/rossigee/build-counter/database.go:154.21,159.4 4 0
github.com/rossigee/build-counter/database.go:161.3,163.33 3 0
github.com/rossigee/build-counter/database.go:166.2,166.22 1 0
github.com/rossigee/build-counter/database.go:170.75,172.16 2 0
github.com/rossigee/build-counter/database.go:172.16,174.3 1 0
github.com/rossigee/build-counter/database.go:175.2,188.16 6 0
github.com/rossigee/build-counter/database.go:188.16,190.3 1 0
github.com/rossigee/build-counter/database.go:191.2,194.18 3 0
github.com/rossigee/build-counter/database.go:194.18,199.17 4 0
github.com/rossigee/build-counter/database.go:199.17,201.4 1 0
github.com/rossigee/build-counter/database.go:203.3,203.21 1 0
github.com/rossigee/build-counter/database.go:203.21,208.4 4 0
github.com/rossigee/build-counter/database.go:210.3,210.33 1 0
github.com/rossigee/build-counter/database.go:213.2,213.20 1 0
github.com/rossigee/build-counter/main.go:75.48,76.39 1 1
github.com/rossigee/build-counter/main.go:76.39,78.3 1 1
github.com/rossigee/build-counter/main.go:79.2,79.45 1 1
github.com/rossigee/build-counter/main.go:79.45,81.3 1 1
github.com/rossigee/build-counter/main.go:82.2,82.36 1 1
github.com/rossigee/build-counter/main.go:82.36,84.3 1 1
github.com/rossigee/build-counter/main.go:85.2,85.42 1 1
github.com/rossigee/build-counter/main.go:85.42,87.3 1 1
github.com/rossigee/build-counter/main.go:88.2,88.12 1 1
github.com/rossigee/build-counter/main.go:91.43,94.54 2 1
github.com/rossigee/build-counter/main.go:94.54,107.55 7 1
github.com/rossigee/build-counter/main.go:107.55,113.4 5 1
github.com/rossigee/build-counter/main.go:115.3,116.17 2 0
github.com/rossigee/build-counter/main.go:116.17,122.4 5 0
github.com/rossigee/build-counter/main.go:124.3,129.17 5 0
github.com/rossigee/build-counter/main.go:129.17,135.4 5 0
github.com/rossigee/build-counter/main.go:137.3,139.20 3 0
github.com/rossigee/build-counter/main.go:143.44,146.54 2 1
github.com/rossigee/build-counter/main.go:146.54,159.55 7 1
github.com/rossigee/build-counter/main.go:159.55,165.4 5 1
github.com/rossigee/build-counter/main.go:167.3,168.17 2 0
github.com/rossigee/build-counter/main.go:168.17,174.4 5 0
github.com/rossigee/build-counter/main.go:176.3,177.36 2 0
github.com/rossigee/build-counter/main.go:181.41,183.19 2 0
github.com/rossigee/build-counter/main.go:183.19,185.3 1 0
github.com/rossigee/build-counter/main.go:187.2,188.16 2 0
github.com/rossigee/build-counter/main.go:188.16,190.3 1 0
github.com/rossigee/build-counter/main.go:193.2,200.43 6 0
github.com/rossigee/build-counter/main.go:200.43,203.3 2 0
github.com/rossigee/build-counter/main.go:205.2,205.16 1 0
github.com/rossigee/build-counter/main.go:209.64,210.71 1 1
github.com/rossigee/build-counter/main.go:210.71,216.3 5 1
github.com/rossigee/build-counter/main.go:220.59,221.54 1 1
github.com/rossigee/build-counter/main.go:221.54,222.34 1 1
github.com/rossigee/build-counter/main.go:222.34,225.4 2 1
github.com/rossigee/build-counter/main.go:226.3,226.13 1 1
github.com/rossigee/build-counter/main.go:231.39,232.54 1 1
github.com/rossigee/build-counter/main.go:232.54,238.47 5 1
github.com/rossigee/build-counter/main.go:238.47,244.4 5 1
github.com/rossigee/build-counter/main.go:246.3,247.24 2 0
github.com/rossigee/build-counter/main.go:252.41,253.54 1 0
github.com/rossigee/build-counter/main.go:253.54,257.3 2 0
github.com/rossigee/build-counter/main.go:261.42,262.54 1 0
github.com/rossigee/build-counter/main.go:262.54,269.47 5 0
github.com/rossigee/build-counter/main.go:269.47,275.4 5 0
github.com/rossigee/build-counter/main.go:277.3,278.24 2 0
github.com/rossigee/build-counter/main.go:283.40,284.54 1 0
github.com/rossigee/build-counter/main.go:284.54,294.22 6 0
github.com/rossigee/build-counter/main.go:294.22,296.4 1 0
github.com/rossigee/build-counter/main.go:298.3,353.27 4 0
github.com/rossigee/build-counter/main.go:358.44,359.54 1 0
github.com/rossigee/build-counter/main.go:359.54,365.17 5 0
github.com/rossigee/build-counter/main.go:365.17,371.4 5 0
github.com/rossigee/build-counter/main.go:373.3,375.38 3 0
github.com/rossigee/build-counter/main.go:380.49,381.54 1 0
github.com/rossigee/build-counter/main.go:381.54,387.17 5 0
github.com/rossigee/build-counter/main.go:387.17,390.4 2 0
github.com/rossigee/build-counter/main.go:392.3,395.17 3 0
github.com/rossigee/build-counter/main.go:395.17,401.4 5 0
github.com/rossigee/build-counter/main.go:403.3,405.36 3 0
github.com/rossigee/build-counter/main.go:410.41,411.54 1 0
github.com/rossigee/build-counter/main.go:411.54,417.17 5 0
github.com/rossigee/build-counter/main.go:417.17,423.4 5 0
github.com/rossigee/build-counter/main.go:425.3,426.22 2 0
github.com/rossigee/build-counter/main.go:426.22,428.4 1 0
github.com/rossigee/build-counter/main.go:430.3,433.24 4 0
github.com/rossigee/build-counter/main.go:438.46,439.54 1 0
github.com/rossigee/build-counter/main.go:439.54,445.17 5 0
github.com/rossigee/build-counter/main.go:445.17,448.4 2 0
github.com/rossigee/build-counter/main.go:450.3,453.17 3 0
github.com/rossigee/build-counter/main.go:453.17,459.4 5 0
github.com/rossigee/build-counter/main.go:461.3,464.24 4 0
github.com/rossigee/build-counter/main.go:469.81,472.35 2 0
github.com/rossigee/build-counter/main.go:472.35,477.42 4 0
github.com/rossigee/build-counter/main.go:477.42,480.43 3 0
github.com/rossigee/build-counter/main.go:480.43,482.5 1 0
github.com/rossigee/build-counter/main.go:486.3,486.22 1 0
github.com/rossigee/build-counter/main.go:486.22,504.4 1 0
github.com/rossigee/build-counter/main.go:504.9,523.4 1 0
github.com/rossigee/build-counter/main.go:526.2,595.17 1 0
github.com/rossigee/build-counter/main.go:595.17,596.23 1 0
github.com/rossigee/build-counter/main.go:596.23,598.5 1 0
github.com/rossigee/build-counter/main.go:599.4,599.48 1 0
github.com/rossigee/build-counter/main.go:605.75,608.31 2 0
github.com/rossigee/build-counter/main.go:608.31,614.28 5 0
github.com/rossigee/build-counter/main.go:614.28,618.29 4 0
github.com/rossigee/build-counter/main.go:618.29,620.5 1 0
github.com/rossigee/build-counter/main.go:623.3,639.5 1 0
github.com/rossigee/build-counter/main.go:642.2,708.3 1 0
github.com/rossigee/build-counter/main.go:712.18,743.2 1 0
github.com/rossigee/build-counter/main.go:747.13,749.22 1 0
github.com/rossigee/build-counter/main.go:749.22,750.21 1 0
github.com/rossigee/build-counter/main.go:751.20,753.10 2 0
github.com/rossigee/build-counter/main.go:754.23,756.10 2 0
github.com/rossigee/build-counter/main.go:757.24,758.26 1 0
github.com/rossigee/build-counter/main.go:759.25,761.44 2 0
github.com/rossigee/build-counter/main.go:761.44,763.5 1 0
github.com/rossigee/build-counter/main.go:764.4,764.14 1 0
github.com/rossigee/build-counter/main.go:765.11,768.14 3 0
github.com/rossigee/build-counter/main.go:773.2,774.16 2 0
github.com/rossigee/build-counter/main.go:774.16,777.3 1 0
github.com/rossigee/build-counter/main.go:778.2,781.21 2 0
github.com/rossigee/build-counter/main.go:781.21,783.17 2 0
github.com/rossigee/build-counter/main.go:783.17,785.4 1 0
github.com/rossigee/build-counter/main.go:786.3,786.52 1 0
github.com/rossigee/build-counter/main.go:787.8,789.17 2 0
github.com/rossigee/build-counter/main.go:789.17,791.4 1 0
github.com/rossigee/build-counter/main.go:792.3,792.51 1 0
github.com/rossigee/build-counter/main.go:796.2,830.21 15 0
github.com/rossigee/build-counter/main.go:830.21,832.3 1 0
github.com/rossigee/build-counter/main.go:834.2,837.36 4 0
github.com/rossigee/build-counter/tracing.go:22.36,25.20 2 0
github.com/rossigee/build-counter/tracing.go:25.20,27.3 1 0
github.com/rossigee/build-counter/tracing.go:29.2,29.20 1 0
github.com/rossigee/build-counter/tracing.go:29.20,32.17 3 0
github.com/rossigee/build-counter/tracing.go:32.18,32.19 0 0
github.com/rossigee/build-counter/tracing.go:35.2,46.71 4 0
github.com/rossigee/build-counter/tracing.go:46.71,53.3 3 0
github.com/rossigee/build-counter/tracing.go:56.2,56.56 1 0
github.com/rossigee/build-counter/tracing.go:56.56,58.3 1 0
github.com/rossigee/build-counter/tracing.go:60.2,61.16 2 0
github.com/rossigee/build-counter/tracing.go:61.16,63.3 1 0
github.com/rossigee/build-counter/tracing.go:66.2,67.23 2 0
github.com/rossigee/build-counter/tracing.go:67.23,69.3 1 0
github.com/rossigee/build-counter/tracing.go:71.2,72.26 2 0
github.com/rossigee/build-counter/tracing.go:72.26,74.3 1 0
github.com/rossigee/build-counter/tracing.go:76.2,82.16 2 0
github.com/rossigee/build-counter/tracing.go:82.16,84.3 1 0
github.com/rossigee/build-counter/tracing.go:87.2,103.16 6 0
github.com/rossigee/build-counter/tracing.go:103.16,107.42 4 0
github.com/rossigee/build-counter/tracing.go:107.42,109.4 1 0
github.com/rossigee/build-counter/tracing.go:114.80,115.19 1 1
github.com/rossigee/build-counter/tracing.go:115.19,118.3 1 1
github.com/rossigee/build-counter/tracing.go:119.2,119.32 1 0
github.com/rossigee/build-counter/tracing.go:123.46,124.31 1 1
github.com/rossigee/build-counter/tracing.go:124.31,126.3 1 1
